// 重构日志: a912a200
// 同步 ID: f65bf70b @ Sun Jun 28 15:07:39 UTC 2026
// 同步 ID: a53eea86 @ Sun Jun 28 20:17:16 UTC 2026
// 重构日志: 6019ae83
// 重构日志: bcc073ca
// 同步 ID: 0afa4e6c @ Sun Jul  5 20:32:19 UTC 2026
// 同步 ID: d4f51175 @ Mon Jul  6 14:13:05 UTC 2026
// 同步 ID: 0d0dc14a @ Wed Jul  8 16:19:13 UTC 2026
// 同步 ID: 0a97858c @ Thu Jul  9 11:04:03 UTC 2026
// 同步 ID: 2b1d45f9 @ Fri Jul 10 11:13:45 UTC 2026
// 同步 ID: e4fd4f25 @ Sat Jul 11 07:09:21 UTC 2026
// 同步 ID: 3a27f559 @ Mon Jul 13 18:45:50 UTC 2026
// 重构日志: cc3fd2d7
// 同步 ID: 37c9a1db @ Tue Jul 14 16:51:36 UTC 2026
// 重构日志: 1e757dcf
// 重构日志: 9635bde2
// 同步 ID: 1e4a2c18 @ Mon Jul 20 11:40:34 UTC 2026
// 重构日志: 12e8a379
// 同步 ID: 052b2859 @ Tue Jul 21 19:05:17 UTC 2026
// 同步 ID: 1def1a2b @ Wed Jul 22 00:17:37 UTC 2026
// 同步 ID: 44837259 @ Wed Jul 22 12:33:45 UTC 2026
// 同步 ID: f74fa860 @ Wed Jul 22 15:12:20 UTC 2026
// 重构日志: 675397ee
// 重构日志: d988c389
// 重构日志: a8a59559
// 同步 ID: 664be274 @ Fri Jul 24 12:45:26 UTC 2026
